Copyright 1986-2022 Xilinx, Inc. All Rights Reserved. Copyright 2022-2023 Advanced Micro Devices, Inc. All Rights Reserved.
---------------------------------------------------------------------------------------------------------------------------------------------
| Tool Version : Vivado v.2023.1.1 (win64) Build 3900603 Fri Jun 16 19:31:24 MDT 2023
| Date         : Fri Oct 27 10:03:58 2023
| Host         : DESKTOP-0F48Q2Q running 64-bit major release  (build 9200)
| Command      : report_control_sets -verbose -file wrapper_control_sets_placed.rpt
| Design       : wrapper
| Device       : xc7a35t
---------------------------------------------------------------------------------------------------------------------------------------------

Control Set Information

Table of Contents
-----------------
1. Summary
2. Histogram
3. Flip-Flop Distribution
4. Detailed Control Set Information

1. Summary
----------

+----------------------------------------------------------+-------+
|                          Status                          | Count |
+----------------------------------------------------------+-------+
| Total control sets                                       |     8 |
|    Minimum number of control sets                        |     8 |
|    Addition due to synthesis replication                 |     0 |
|    Addition due to physical synthesis replication        |     0 |
| Unused register locations in slices containing registers |    27 |
+----------------------------------------------------------+-------+
* Control sets can be merged at opt_design using control_set_merge or merge_equivalent_drivers
** Run report_qor_suggestions for automated merging and remapping suggestions


2. Histogram
------------

+--------------------+-------+
|       Fanout       | Count |
+--------------------+-------+
| Total control sets |     8 |
| >= 0 to < 4        |     1 |
| >= 4 to < 6        |     5 |
| >= 6 to < 8        |     1 |
| >= 8 to < 10       |     0 |
| >= 10 to < 12      |     0 |
| >= 12 to < 14      |     0 |
| >= 14 to < 16      |     0 |
| >= 16              |     1 |
+--------------------+-------+
* Control sets can be remapped at either synth_design or opt_design


3. Flip-Flop Distribution
-------------------------

+--------------+-----------------------+------------------------+-----------------+--------------+
| Clock Enable | Synchronous Set/Reset | Asynchronous Set/Reset | Total Registers | Total Slices |
+--------------+-----------------------+------------------------+-----------------+--------------+
| No           | No                    | No                     |               2 |            2 |
| No           | No                    | Yes                    |               0 |            0 |
| No           | Yes                   | No                     |              23 |            8 |
| Yes          | No                    | No                     |               0 |            0 |
| Yes          | No                    | Yes                    |               0 |            0 |
| Yes          | Yes                   | No                     |              20 |            5 |
+--------------+-----------------------+------------------------+-----------------+--------------+


4. Detailed Control Set Information
-----------------------------------

+----------------+--------------------------------------+----------------------------------------+------------------+----------------+--------------+
|  Clock Signal  |             Enable Signal            |            Set/Reset Signal            | Slice Load Count | Bel Load Count | Bels / Slice |
+----------------+--------------------------------------+----------------------------------------+------------------+----------------+--------------+
|  CLK_IBUF_BUFG |                                      |                                        |                2 |              2 |         1.00 |
|  CLK_IBUF_BUFG | Bit17Counter/E[0]                    | RESET_IBUF                             |                1 |              4 |         4.00 |
|  CLK_IBUF_BUFG | Bit4Counter1/E[0]                    | RESET_IBUF                             |                1 |              4 |         4.00 |
|  CLK_IBUF_BUFG | Bit4Counter0/E[0]                    | RESET_IBUF                             |                1 |              4 |         4.00 |
|  CLK_IBUF_BUFG | Bit4Counter2/E[0]                    | RESET_IBUF                             |                1 |              4 |         4.00 |
|  CLK_IBUF_BUFG | Bit4CounterBase/Trigger_out_reg_0[0] | RESET_IBUF                             |                1 |              4 |         4.00 |
|  CLK_IBUF_BUFG |                                      | RESET_IBUF                             |                4 |              7 |         1.75 |
|  CLK_IBUF_BUFG |                                      | Bit17Counter/counter_value[16]_i_1_n_0 |                4 |             16 |         4.00 |
+----------------+--------------------------------------+----------------------------------------+------------------+----------------+--------------+


